<?xml version="1.0" encoding="UTF-8"?>
<testsuite name="geometric.Assignment03Test" tests="7" skipped="0" failures="0" errors="0" timestamp="2026-09-11T14:28:20" hostname="TEGGL" time="0.018">
  <properties/>
  <testcase name="sortByX" classname="geometric.Assignment03Test" time="0.014"/>
  <testcase name="sortByY" classname="geometric.Assignment03Test" time="0.001"/>
  <testcase name="moveObject" classname="geometric.Assignment03Test" time="0.0"/>
  <testcase name="sortByArea" classname="geometric.Assignment03Test" time="0.0"/>
  <testcase name="createRectangle" classname="geometric.Assignment03Test" time="0.0"/>
  <testcase name="multipleObjects" classname="geometric.Assignment03Test" time="0.001"/>
  <testcase name="createCircle" classname="geometric.Assignment03Test" time="0.0"/>
  <system-out><![CDATA[]]></system-out>
  <system-err><![CDATA[]]></system-err>
</testsuite>
