<?xml version="1.0" encoding="UTF-8"?>
<testsuite name="taxi.SimulationTest" tests="1" skipped="0" failures="0" errors="0" timestamp="2026-09-14T21:15:15" hostname="TEGGL" time="9.188">
  <properties/>
  <testcase name="runSimulation" classname="taxi.SimulationTest" time="9.188"/>
  <system-out><![CDATA[Taxi 1 created
Taxi 2 created
Taxi 3 created
Taxi 4 created
73 passengers arrived at station
Taxi 2 takes 4 passengers
Taxi 1 takes 4 passengers
Taxi 4 takes 7 passengers
Taxi 3 takes 7 passengers
Taxi 1 takes 4 passengers
Taxi 2 takes 4 passengers
Taxi 3 takes 7 passengers
Taxi 4 takes 7 passengers
Taxi 1 takes 4 passengers
Taxi 2 takes 4 passengers
Taxi 4 takes 7 passengers
Taxi 1 takes 3 passengers
Taxi 3 takes 7 passengers
Taxi 2 takes 4 passengers
64 passengers arrived at station
Taxi 2 takes 4 passengers
Taxi 1 takes 4 passengers
Taxi 4 takes 7 passengers
Taxi 3 takes 7 passengers
Taxi 1 takes 4 passengers
Taxi 2 takes 4 passengers
Taxi 2 takes 4 passengers
Taxi 1 takes 4 passengers
Taxi 3 takes 7 passengers
Taxi 4 takes 7 passengers
Taxi 2 takes 4 passengers
Taxi 1 takes 4 passengers
Taxi 3 takes 4 passengers
72 passengers arrived at station
Taxi 4 takes 7 passengers
Taxi 2 takes 4 passengers
Taxi 1 takes 4 passengers
Taxi 3 takes 7 passengers
Taxi 1 takes 4 passengers
Taxi 2 takes 4 passengers
Taxi 4 takes 7 passengers
Taxi 2 takes 4 passengers
Taxi 1 takes 4 passengers
Taxi 3 takes 7 passengers
Taxi 4 takes 7 passengers
Taxi 1 takes 4 passengers
Taxi 2 takes 4 passengers
Taxi 3 takes 5 passengers
79 passengers arrived at station
Taxi 2 takes 4 passengers
Taxi 1 takes 4 passengers
Taxi 4 takes 7 passengers
Taxi 3 takes 7 passengers
Taxi 2 takes 4 passengers
Taxi 1 takes 4 passengers
Taxi 4 takes 7 passengers
Taxi 2 takes 4 passengers
Taxi 1 takes 4 passengers
Taxi 3 takes 7 passengers
Taxi 4 takes 7 passengers
Taxi 2 takes 4 passengers
Taxi 1 takes 4 passengers
Taxi 3 takes 7 passengers
Taxi 2 takes 4 passengers
Taxi 1 takes 1 passengers
85 passengers arrived at station
Taxi 4 takes 7 passengers
Taxi 2 takes 4 passengers
Taxi 1 takes 4 passengers
Taxi 3 takes 7 passengers
Taxi 2 takes 4 passengers
Taxi 4 takes 7 passengers
Taxi 1 takes 4 passengers
Taxi 3 takes 7 passengers
Taxi 2 takes 4 passengers
Taxi 1 takes 4 passengers
Taxi 4 takes 7 passengers
Taxi 2 takes 4 passengers
Taxi 1 takes 4 passengers
Taxi 3 takes 7 passengers
Taxi 2 takes 4 passengers
Taxi 4 takes 7 passengers
73 passengers arrived at station
Taxi 1 takes 4 passengers
Taxi 3 takes 7 passengers
Taxi 2 takes 4 passengers
Taxi 4 takes 7 passengers
Taxi 1 takes 4 passengers
Taxi 2 takes 4 passengers
Taxi 3 takes 7 passengers
Taxi 1 takes 4 passengers
Taxi 4 takes 7 passengers
Taxi 2 takes 4 passengers
Taxi 1 takes 4 passengers
Taxi 3 takes 7 passengers
Taxi 2 takes 4 passengers
Taxi 4 takes 6 passengers
87 passengers arrived at station
Taxi 1 takes 4 passengers
Taxi 2 takes 4 passengers
Taxi 3 takes 7 passengers
Taxi 4 takes 7 passengers
Taxi 1 takes 4 passengers
Taxi 2 takes 4 passengers
Taxi 3 takes 7 passengers
Taxi 1 takes 4 passengers
Taxi 2 takes 4 passengers
Taxi 4 takes 7 passengers
Taxi 1 takes 4 passengers
Taxi 2 takes 4 passengers
Taxi 3 takes 7 passengers
Taxi 4 takes 7 passengers
Taxi 1 takes 4 passengers
Taxi 2 takes 4 passengers
Taxi 3 takes 5 passengers
76 passengers arrived at station
Taxi 1 takes 4 passengers
Taxi 2 takes 4 passengers
Taxi 4 takes 7 passengers
Taxi 1 takes 4 passengers
Taxi 3 takes 7 passengers
Taxi 2 takes 4 passengers
Taxi 4 takes 7 passengers
Taxi 1 takes 4 passengers
Taxi 2 takes 4 passengers
Taxi 3 takes 7 passengers
Taxi 1 takes 4 passengers
Taxi 2 takes 4 passengers
Taxi 4 takes 7 passengers
Taxi 3 takes 7 passengers
Taxi 2 takes 2 passengers
65 passengers arrived at station
Taxi 1 takes 4 passengers
Taxi 4 takes 7 passengers
Taxi 2 takes 4 passengers
Taxi 3 takes 7 passengers
Taxi 1 takes 4 passengers
Taxi 2 takes 4 passengers
Taxi 4 takes 7 passengers
Taxi 1 takes 4 passengers
Taxi 3 takes 7 passengers
Taxi 2 takes 4 passengers
Taxi 4 takes 7 passengers
Taxi 1 takes 4 passengers
Taxi 2 takes 2 passengers
62 passengers arrived at station
Taxi 3 takes 7 passengers
Taxi 1 takes 4 passengers
Taxi 2 takes 4 passengers
Taxi 4 takes 7 passengers
Taxi 1 takes 4 passengers
Taxi 2 takes 4 passengers
Taxi 3 takes 7 passengers
Taxi 4 takes 7 passengers
Taxi 1 takes 4 passengers
Taxi 2 takes 4 passengers
Taxi 3 takes 7 passengers
Taxi 1 takes 3 passengers
]]></system-out>
  <system-err><![CDATA[]]></system-err>
</testsuite>
