<?xml version="1.0" encoding="UTF-8"?>
<testsuite name="slidingGame.SlidingGameTest" tests="10" skipped="0" failures="0" errors="0" timestamp="2026-09-11T15:02:49" hostname="TEGGL" time="0.022">
  <properties/>
  <testcase name="testIsNotSolution" classname="slidingGame.SlidingGameTest" time="0.009"/>
  <testcase name="testToString" classname="slidingGame.SlidingGameTest" time="0.001"/>
  <testcase name="testCompareTo" classname="slidingGame.SlidingGameTest" time="0.0"/>
  <testcase name="testIsSolution" classname="slidingGame.SlidingGameTest" time="0.0"/>
  <testcase name="testHashCode" classname="slidingGame.SlidingGameTest" time="0.001"/>
  <testcase name="testEquals" classname="slidingGame.SlidingGameTest" time="0.0"/>
  <testcase name="testManhattanDistance10" classname="slidingGame.SlidingGameTest" time="0.0"/>
  <testcase name="testManhattanDistance0" classname="slidingGame.SlidingGameTest" time="0.001"/>
  <testcase name="testManhattanDistance4" classname="slidingGame.SlidingGameTest" time="0.0"/>
  <testcase name="testSolving" classname="slidingGame.SlidingGameTest" time="0.007"/>
  <system-out><![CDATA[]]></system-out>
  <system-err><![CDATA[]]></system-err>
</testsuite>
